[debug] [2018-04-24T23:27:39.243Z] ----------------------------------------------------------------------
[debug] [2018-04-24T23:27:39.246Z] Command:       C:\Program Files\nodejs\node.exe C:\Users\abc\AppData\Roaming\npm\node_modules\firebase-tools\bin\firebase deploy
[debug] [2018-04-24T23:27:39.246Z] CLI Version:   3.18.4
[debug] [2018-04-24T23:27:39.246Z] Platform:      win32
[debug] [2018-04-24T23:27:39.246Z] Node Version:  v8.11.1
[debug] [2018-04-24T23:27:39.247Z] Time:          Wed Apr 25 2018 04:57:39 GMT+0530 (India Standard Time)
[debug] [2018-04-24T23:27:39.247Z] ----------------------------------------------------------------------
[debug] 
[debug] [2018-04-24T23:27:39.257Z] > command requires scopes: ["email","openid","https://www.googleapis.com/auth/cloudplatformprojects.readonly","https://www.googleapis.com/auth/firebase","https://www.googleapis.com/auth/cloud-platform"]
[debug] [2018-04-24T23:27:39.257Z] > authorizing via signed-in user
[debug] [2018-04-24T23:27:39.259Z] > refreshing access token with scopes: ["email","https://www.googleapis.com/auth/cloud-platform","https://www.googleapis.com/auth/cloudplatformprojects.readonly","https://www.googleapis.com/auth/firebase","openid"]
[debug] [2018-04-24T23:27:39.259Z] >>> HTTP REQUEST POST https://www.googleapis.com/oauth2/v3/token  
 { refresh_token: '1/LvDJCsKEDqWln26Kj2PdmAh_AXneDcqL8WRJ2-CfDB0',
  client_id: '563584335869-fgrhgmd47bqnekij5i8b5pr03ho849e6.apps.googleusercontent.com',
  client_secret: 'j9iVZfS8kkCEFUPaAeJV0sAi',
  grant_type: 'refresh_token',
  scope: 'email https://www.googleapis.com/auth/cloud-platform https://www.googleapis.com/auth/cloudplatformprojects.readonly https://www.googleapis.com/auth/firebase openid' } 
 Wed Apr 25 2018 04:57:39 GMT+0530 (India Standard Time)
[debug] [2018-04-24T23:27:39.501Z] <<< HTTP RESPONSE 200
[debug] [2018-04-24T23:27:39.532Z] >>> HTTP REQUEST GET https://admin.firebase.com/v1/projects/digi-pollz  
  
 Wed Apr 25 2018 04:57:39 GMT+0530 (India Standard Time)
[debug] [2018-04-24T23:27:40.812Z] <<< HTTP RESPONSE 200
[debug] [2018-04-24T23:27:40.812Z] >>> HTTP REQUEST GET https://admin.firebase.com/v1/database/digi-pollz/tokens  
  
 Wed Apr 25 2018 04:57:40 GMT+0530 (India Standard Time)
[debug] [2018-04-24T23:27:41.854Z] <<< HTTP RESPONSE 200
[warn] !  functions: package.json indicates an outdated version of firebase-functions.
 Please upgrade using npm install --save firebase-functions@latest in your functions directory.
[warn] !  functions: Please note that there will be breaking changes when you upgrade.
 Go to https://firebase.google.com/docs/functions/beta-v1-diff to learn more.
[info] 
[info] === Deploying to 'digi-pollz'...
[info] 
[info] i  deploying functions, hosting
[info] Running command: npm --prefix "$RESOURCE_DIR" run build
[info] +  functions: Finished running predeploy script.
[debug] [2018-04-24T23:27:50.450Z] > [functions] package.json contents: {
  "name": "functions",
  "scripts": {
    "build": "tsc",
    "serve": "npm run build && firebase serve --only functions",
    "shell": "npm run build && firebase experimental:functions:shell",
    "start": "npm run shell",
    "deploy": "firebase deploy --only functions",
    "logs": "firebase functions:log"
  },
  "main": "lib/index.js",
  "dependencies": {
    "firebase-admin": "~5.10.0",
    "firebase-functions": "^0.9.0"
  },
  "devDependencies": {
    "typescript": "^2.5.3"
  },
  "private": true
}
[info] i  functions: ensuring necessary APIs are enabled...
[debug] [2018-04-24T23:27:50.451Z] >>> HTTP REQUEST GET https://servicemanagement.googleapis.com/v1/services/cloudfunctions.googleapis.com/projectSettings/digi-pollz?view=CONSUMER_VIEW  
  
 Wed Apr 25 2018 04:57:50 GMT+0530 (India Standard Time)
[debug] [2018-04-24T23:27:50.451Z] >>> HTTP REQUEST GET https://servicemanagement.googleapis.com/v1/services/runtimeconfig.googleapis.com/projectSettings/digi-pollz?view=CONSUMER_VIEW  
  
 Wed Apr 25 2018 04:57:50 GMT+0530 (India Standard Time)
[debug] [2018-04-24T23:27:52.394Z] <<< HTTP RESPONSE 200
[debug] [2018-04-24T23:27:52.438Z] <<< HTTP RESPONSE 200
[info] +  functions: all necessary APIs are enabled
[debug] [2018-04-24T23:27:52.440Z] >>> HTTP REQUEST GET https://cloudresourcemanager.googleapis.com/v1/projects/digi-pollz  
  
 Wed Apr 25 2018 04:57:52 GMT+0530 (India Standard Time)
[debug] [2018-04-24T23:27:53.954Z] <<< HTTP RESPONSE 200
[debug] [2018-04-24T23:27:53.955Z] >>> HTTP REQUEST GET https://mobilesdk-pa.googleapis.com/v1/projects/550651498950:getServerAppConfig  
  
 Wed Apr 25 2018 04:57:53 GMT+0530 (India Standard Time)
[debug] [2018-04-24T23:27:55.582Z] <<< HTTP RESPONSE 200
[info] i  functions: preparing functions directory for uploading...
[info] i  functions: packaged functions (43.24 KB) for uploading
[debug] [2018-04-24T23:27:56.784Z] >>> HTTP REQUEST POST https://cloudfunctions.googleapis.com/v1/projects/digi-pollz/locations/us-central1/functions:generateUploadUrl  
  
 Wed Apr 25 2018 04:57:56 GMT+0530 (India Standard Time)
[debug] [2018-04-24T23:27:57.860Z] <<< HTTP RESPONSE 200
[debug] [2018-04-24T23:27:57.861Z] >>> HTTP REQUEST PUT https://storage.googleapis.com/gcf-upload-us-central1-04f6468c-19dd-4c00-ab7c-aad436c01b06/d62129a7-0aaa-44a7-a1d6-1776ff52d001.zip?GoogleAccessId=550651498950@cloudservices.gserviceaccount.com&Expires=1524614279&Signature=XZRO3vMGuHmN%2FlVA2TtyzlCtuitz9bHOggzjyhxtsBPoPq7Btplh1THeg8iawW7OfiERRwGJ9ZEPvMT%2BaP%2F%2BbQ%2Fk3168u7YD6wdmOTzoBIAG1CMB14xT8NNFlVwxOnVZiqmIh%2B5CVLKfWB3n5QWCryqRUG2fHGrDrE2PEaYFrQTrMiEToSkDfqJpXpXZZYTEtmOPIGEwpw7a8g%2BI%2F%2B9eRDucLhIJRM73na2VBmXGcp4FJy%2Bivmkf%2BTCyxi%2BLX9qyMiN1MGtef79c9BsT14k3ozaeQB3VYMUS82qFu4tlnP8Ep3%2FIeaJw1ZKa5GGfiw8ATTeYABKykv5I0xN9KnnYQw%3D%3D  
 ReadStream {
  _readableState: 
   ReadableState {
     objectMode: false,
     highWaterMark: 65536,
     buffer: BufferList { head: [Object], tail: [Object], length: 1 },
     length: 44282,
     pipes: null,
     pipesCount: 0,
     flowing: null,
     ended: true,
     endEmitted: false,
     reading: false,
     sync: false,
     needReadable: false,
     emittedReadable: true,
     readableListening: false,
     resumeScheduled: false,
     destroyed: false,
     defaultEncoding: 'utf8',
     awaitDrain: 0,
     readingMore: false,
     decoder: null,
     encoding: null },
  readable: true,
  domain: null,
  _events: { end: [Function] },
  _eventsCount: 1,
  _maxListeners: undefined,
  path: 'C:\\Users\\abc\\AppData\\Local\\Temp\\firebase-functions-14968n3n4XleuNqDb.zip',
  fd: 5,
  flags: 'r',
  mode: 438,
  start: 0,
  end: Infinity,
  autoClose: true,
  pos: 131072,
  bytesRead: 44282 } 
 Wed Apr 25 2018 04:57:57 GMT+0530 (India Standard Time)
[debug] [2018-04-24T23:27:58.529Z] <<< HTTP RESPONSE 200
[info] +  functions: functions folder uploaded successfully
[info] i  hosting: preparing dist directory for upload...
[debug] [2018-04-24T23:27:58.705Z] >>> HTTP REQUEST PUT https://deploy.firebase.com/v1/hosting/digi-pollz/uploads/-LAtz1xVczfQ55LcYARO?fileCount=17&message=  
  
 Wed Apr 25 2018 04:57:58 GMT+0530 (India Standard Time)
[debug] [2018-04-24T23:28:02.364Z] <<< HTTP RESPONSE 200
[debug] [2018-04-24T23:28:02.366Z] [hosting] .tgz uploaded successfully, waiting for extraction
[info] +  hosting: 17 files uploaded successfully
[debug] [2018-04-24T23:28:03.555Z] [hosting] deploy completed after 5025ms
[debug] [2018-04-24T23:28:03.556Z] >>> HTTP REQUEST GET https://cloudfunctions.googleapis.com/v1/projects/digi-pollz/locations/us-central1/functions  
  
 Wed Apr 25 2018 04:58:03 GMT+0530 (India Standard Time)
[debug] [2018-04-24T23:28:04.221Z] <<< HTTP RESPONSE 200
[info] i  functions: updating function onVote...
[debug] [2018-04-24T23:28:04.223Z] Trigger is:  {"eventTrigger":{"resource":"projects/digi-pollz/databases/(default)/documents/polls/{pid}/votes/{vid}","eventType":"providers/cloud.firestore/eventTypes/document.create"}}
[info] i  functions: updating function onOpinionVote...
[debug] [2018-04-24T23:28:04.223Z] Trigger is:  {"eventTrigger":{"resource":"projects/digi-pollz/databases/(default)/documents/polls/{pid}/opinions/{vid}","eventType":"providers/cloud.firestore/eventTypes/document.create"}}
[debug] [2018-04-24T23:28:04.225Z] >>> HTTP REQUEST PATCH https://cloudfunctions.googleapis.com/v1/projects/digi-pollz/locations/us-central1/functions/onVote 
query params: {"updateMask":"sourceUploadUrl,name,labels,eventTrigger.resource,eventTrigger.eventType"} 
 { sourceUploadUrl: 'https://storage.googleapis.com/gcf-upload-us-central1-04f6468c-19dd-4c00-ab7c-aad436c01b06/d62129a7-0aaa-44a7-a1d6-1776ff52d001.zip?GoogleAccessId=550651498950@cloudservices.gserviceaccount.com&Expires=1524614279&Signature=XZRO3vMGuHmN%2FlVA2TtyzlCtuitz9bHOggzjyhxtsBPoPq7Btplh1THeg8iawW7OfiERRwGJ9ZEPvMT%2BaP%2F%2BbQ%2Fk3168u7YD6wdmOTzoBIAG1CMB14xT8NNFlVwxOnVZiqmIh%2B5CVLKfWB3n5QWCryqRUG2fHGrDrE2PEaYFrQTrMiEToSkDfqJpXpXZZYTEtmOPIGEwpw7a8g%2BI%2F%2B9eRDucLhIJRM73na2VBmXGcp4FJy%2Bivmkf%2BTCyxi%2BLX9qyMiN1MGtef79c9BsT14k3ozaeQB3VYMUS82qFu4tlnP8Ep3%2FIeaJw1ZKa5GGfiw8ATTeYABKykv5I0xN9KnnYQw%3D%3D',
  name: 'projects/digi-pollz/locations/us-central1/functions/onVote',
  labels: { 'deployment-tool': 'cli-firebase' },
  eventTrigger: 
   { resource: 'projects/digi-pollz/databases/(default)/documents/polls/{pid}/votes/{vid}',
     eventType: 'providers/cloud.firestore/eventTypes/document.create' } } 
 Wed Apr 25 2018 04:58:04 GMT+0530 (India Standard Time)
[debug] [2018-04-24T23:28:04.226Z] >>> HTTP REQUEST PATCH https://cloudfunctions.googleapis.com/v1/projects/digi-pollz/locations/us-central1/functions/onOpinionVote 
query params: {"updateMask":"sourceUploadUrl,name,labels,eventTrigger.resource,eventTrigger.eventType"} 
 { sourceUploadUrl: 'https://storage.googleapis.com/gcf-upload-us-central1-04f6468c-19dd-4c00-ab7c-aad436c01b06/d62129a7-0aaa-44a7-a1d6-1776ff52d001.zip?GoogleAccessId=550651498950@cloudservices.gserviceaccount.com&Expires=1524614279&Signature=XZRO3vMGuHmN%2FlVA2TtyzlCtuitz9bHOggzjyhxtsBPoPq7Btplh1THeg8iawW7OfiERRwGJ9ZEPvMT%2BaP%2F%2BbQ%2Fk3168u7YD6wdmOTzoBIAG1CMB14xT8NNFlVwxOnVZiqmIh%2B5CVLKfWB3n5QWCryqRUG2fHGrDrE2PEaYFrQTrMiEToSkDfqJpXpXZZYTEtmOPIGEwpw7a8g%2BI%2F%2B9eRDucLhIJRM73na2VBmXGcp4FJy%2Bivmkf%2BTCyxi%2BLX9qyMiN1MGtef79c9BsT14k3ozaeQB3VYMUS82qFu4tlnP8Ep3%2FIeaJw1ZKa5GGfiw8ATTeYABKykv5I0xN9KnnYQw%3D%3D',
  name: 'projects/digi-pollz/locations/us-central1/functions/onOpinionVote',
  labels: { 'deployment-tool': 'cli-firebase' },
  eventTrigger: 
   { resource: 'projects/digi-pollz/databases/(default)/documents/polls/{pid}/opinions/{vid}',
     eventType: 'providers/cloud.firestore/eventTypes/document.create' } } 
 Wed Apr 25 2018 04:58:04 GMT+0530 (India Standard Time)
[debug] [2018-04-24T23:28:04.980Z] <<< HTTP RESPONSE 200
[debug] [2018-04-24T23:28:05.134Z] <<< HTTP RESPONSE 200
[debug] [2018-04-24T23:28:05.137Z] >>> HTTP REQUEST GET https://cloudfunctions.googleapis.com/v1/operations/ZGlnaS1wb2xsei91cy1jZW50cmFsMS9vblZvdGUvRDEtV3VGU3ltS2s  
  
 Wed Apr 25 2018 04:58:05 GMT+0530 (India Standard Time)
[debug] [2018-04-24T23:28:05.137Z] >>> HTTP REQUEST GET https://cloudfunctions.googleapis.com/v1/operations/ZGlnaS1wb2xsei91cy1jZW50cmFsMS9vbk9waW5pb25Wb3RlL2ptS1d5NENqLXRZ  
  
 Wed Apr 25 2018 04:58:05 GMT+0530 (India Standard Time)
[debug] [2018-04-24T23:28:05.781Z] <<< HTTP RESPONSE 200
[debug] [2018-04-24T23:28:05.788Z] <<< HTTP RESPONSE 200
[debug] [2018-04-24T23:28:07.782Z] >>> HTTP REQUEST GET https://cloudfunctions.googleapis.com/v1/operations/ZGlnaS1wb2xsei91cy1jZW50cmFsMS9vblZvdGUvRDEtV3VGU3ltS2s  
  
 Wed Apr 25 2018 04:58:07 GMT+0530 (India Standard Time)
[debug] [2018-04-24T23:28:07.788Z] >>> HTTP REQUEST GET https://cloudfunctions.googleapis.com/v1/operations/ZGlnaS1wb2xsei91cy1jZW50cmFsMS9vbk9waW5pb25Wb3RlL2ptS1d5NENqLXRZ  
  
 Wed Apr 25 2018 04:58:07 GMT+0530 (India Standard Time)
[debug] [2018-04-24T23:28:08.380Z] <<< HTTP RESPONSE 200
[debug] [2018-04-24T23:28:08.409Z] <<< HTTP RESPONSE 200
